{"/Users/lino.veloso/dev/clean-arch-trainning/ecommerce-backend/src/Cpf.js": {"path":"/Users/lino.veloso/dev/clean-arch-trainning/ecommerce-backend/src/Cpf.js","statementMap":{"0":{"start":{"line":1,"column":23},"end":{"line":1,"column":25}},"1":{"start":{"line":2,"column":23},"end":{"line":2,"column":25}},"2":{"start":{"line":4,"column":0},"end":{"line":14,"column":1}},"3":{"start":{"line":5,"column":1},"end":{"line":5,"column":24}},"4":{"start":{"line":5,"column":11},"end":{"line":5,"column":24}},"5":{"start":{"line":6,"column":1},"end":{"line":6,"column":21}},"6":{"start":{"line":7,"column":4},"end":{"line":7,"column":42}},"7":{"start":{"line":7,"column":29},"end":{"line":7,"column":42}},"8":{"start":{"line":8,"column":1},"end":{"line":8,"column":42}},"9":{"start":{"line":8,"column":29},"end":{"line":8,"column":42}},"10":{"start":{"line":9,"column":16},"end":{"line":9,"column":56}},"11":{"start":{"line":10,"column":16},"end":{"line":10,"column":56}},"12":{"start":{"line":11,"column":18},"end":{"line":11,"column":40}},"13":{"start":{"line":12,"column":25},"end":{"line":12,"column":45}},"14":{"start":{"line":13,"column":1},"end":{"line":13,"column":38}},"15":{"start":{"line":16,"column":17},"end":{"line":18,"column":1}},"16":{"start":{"line":17,"column":1},"end":{"line":17,"column":35}},"17":{"start":{"line":20,"column":22},"end":{"line":22,"column":1}},"18":{"start":{"line":21,"column":1},"end":{"line":21,"column":26}},"19":{"start":{"line":24,"column":26},"end":{"line":27,"column":1}},"20":{"start":{"line":25,"column":22},"end":{"line":25,"column":25}},"21":{"start":{"line":26,"column":1},"end":{"line":26,"column":54}},"22":{"start":{"line":26,"column":32},"end":{"line":26,"column":52}},"23":{"start":{"line":29,"column":28},"end":{"line":36,"column":1}},"24":{"start":{"line":30,"column":13},"end":{"line":30,"column":14}},"25":{"start":{"line":31,"column":1},"end":{"line":33,"column":2}},"26":{"start":{"line":32,"column":2},"end":{"line":32,"column":44}},"27":{"start":{"line":32,"column":18},"end":{"line":32,"column":44}},"28":{"start":{"line":34,"column":14},"end":{"line":34,"column":22}},"29":{"start":{"line":35,"column":1},"end":{"line":35,"column":37}},"30":{"start":{"line":38,"column":26},"end":{"line":40,"column":1}},"31":{"start":{"line":39,"column":1},"end":{"line":39,"column":22}}},"fnMap":{"0":{"name":"(anonymous_0)","decl":{"start":{"line":4,"column":19},"end":{"line":4,"column":20}},"loc":{"start":{"line":4,"column":34},"end":{"line":14,"column":1}},"line":4},"1":{"name":"(anonymous_1)","decl":{"start":{"line":16,"column":17},"end":{"line":16,"column":18}},"loc":{"start":{"line":16,"column":32},"end":{"line":18,"column":1}},"line":16},"2":{"name":"(anonymous_2)","decl":{"start":{"line":20,"column":22},"end":{"line":20,"column":23}},"loc":{"start":{"line":20,"column":37},"end":{"line":22,"column":1}},"line":20},"3":{"name":"(anonymous_3)","decl":{"start":{"line":24,"column":26},"end":{"line":24,"column":27}},"loc":{"start":{"line":24,"column":41},"end":{"line":27,"column":1}},"line":24},"4":{"name":"(anonymous_4)","decl":{"start":{"line":26,"column":23},"end":{"line":26,"column":24}},"loc":{"start":{"line":26,"column":32},"end":{"line":26,"column":52}},"line":26},"5":{"name":"(anonymous_5)","decl":{"start":{"line":29,"column":28},"end":{"line":29,"column":29}},"loc":{"start":{"line":29,"column":51},"end":{"line":36,"column":1}},"line":29},"6":{"name":"(anonymous_6)","decl":{"start":{"line":38,"column":26},"end":{"line":38,"column":27}},"loc":{"start":{"line":38,"column":41},"end":{"line":40,"column":1}},"line":38}},"branchMap":{"0":{"loc":{"start":{"line":5,"column":1},"end":{"line":5,"column":24}},"type":"if","locations":[{"start":{"line":5,"column":1},"end":{"line":5,"column":24}},{"start":{},"end":{}}],"line":5},"1":{"loc":{"start":{"line":7,"column":4},"end":{"line":7,"column":42}},"type":"if","locations":[{"start":{"line":7,"column":4},"end":{"line":7,"column":42}},{"start":{},"end":{}}],"line":7},"2":{"loc":{"start":{"line":8,"column":1},"end":{"line":8,"column":42}},"type":"if","locations":[{"start":{"line":8,"column":1},"end":{"line":8,"column":42}},{"start":{},"end":{}}],"line":8},"3":{"loc":{"start":{"line":32,"column":2},"end":{"line":32,"column":44}},"type":"if","locations":[{"start":{"line":32,"column":2},"end":{"line":32,"column":44}},{"start":{},"end":{}}],"line":32},"4":{"loc":{"start":{"line":35,"column":8},"end":{"line":35,"column":36}},"type":"cond-expr","locations":[{"start":{"line":35,"column":21},"end":{"line":35,"column":22}},{"start":{"line":35,"column":26},"end":{"line":35,"column":35}}],"line":35}},"s":{"0":1,"1":1,"2":1,"3":5,"4":0,"5":5,"6":5,"7":0,"8":5,"9":2,"10":3,"11":3,"12":3,"13":3,"14":3,"15":1,"16":5,"17":1,"18":5,"19":1,"20":5,"21":5,"22":28,"23":1,"24":6,"25":6,"26":66,"27":57,"28":6,"29":6,"30":1,"31":3},"f":{"0":5,"1":5,"2":5,"3":5,"4":28,"5":6,"6":3},"b":{"0":[0,5],"1":[0,5],"2":[2,3],"3":[57,9],"4":[1,5]},"_coverageSchema":"1a1c01bbd47fc00a2c39e90264f33305004495a9","hash":"866808883ccfdb2503f506ffd8cad84824991f03"}
}
