TN:
SF:src/Cpf.js
FN:4,(anonymous_0)
FN:16,(anonymous_1)
FN:20,(anonymous_2)
FN:24,(anonymous_3)
FN:26,(anonymous_4)
FN:29,(anonymous_5)
FN:38,(anonymous_6)
FNF:7
FNH:7
FNDA:5,(anonymous_0)
FNDA:5,(anonymous_1)
FNDA:5,(anonymous_2)
FNDA:5,(anonymous_3)
FNDA:28,(anonymous_4)
FNDA:6,(anonymous_5)
FNDA:3,(anonymous_6)
DA:1,1
DA:2,1
DA:4,1
DA:5,5
DA:6,5
DA:7,5
DA:8,5
DA:9,3
DA:10,3
DA:11,3
DA:12,3
DA:13,3
DA:16,1
DA:17,5
DA:20,1
DA:21,5
DA:24,1
DA:25,5
DA:26,28
DA:29,1
DA:30,6
DA:31,6
DA:32,66
DA:34,6
DA:35,6
DA:38,1
DA:39,3
LF:27
LH:27
BRDA:5,0,0,0
BRDA:5,0,1,5
BRDA:7,1,0,0
BRDA:7,1,1,5
BRDA:8,2,0,2
BRDA:8,2,1,3
BRDA:32,3,0,57
BRDA:32,3,1,9
BRDA:35,4,0,1
BRDA:35,4,1,5
BRF:10
BRH:8
end_of_record
